<?xml version="1.0" encoding="utf-8"?>
<TestRun id="baafc228-707c-4000-885b-6be7213daa60" name="@Adems-MacBook-Air 2024-01-23 15:42:11" xmlns="http://microsoft.com/schemas/VisualStudio/TeamTest/2010">
  <Times creation="2024-01-23T15:42:11.5907560-08:00" queuing="2024-01-23T15:42:11.5907560-08:00" start="2024-01-23T15:42:07.0510460-08:00" finish="2024-01-23T15:42:17.4346610-08:00" />
  <TestSettings name="default" id="026bec8a-8f6a-4845-957e-82cf70bf8e5d">
    <Deployment runDeploymentRoot="_Adems-MacBook-Air_2024-01-23_15_42_11" />
  </TestSettings>
  <Results>
    <UnitTestResult executionId="71fe0b17-1e50-4b5f-9591-71276185efdc" testId="1b48b0be-93c9-d0af-fa24-900132c3350e" testName="TestLoginOK" computerName="Adems-MacBook-Air" duration="00:00:04.1681275" startTime="2024-01-23T15:42:07.3882300-08:00" endTime="2024-01-23T15:42:11.5634400-08:00" testType="13cdc9d9-ddb5-4fa4-a97d-d965ccfc6d4b" outcome="Passed" testListId="8c84fa94-04c1-424b-9868-57a2d4851a1d" relativeResultsDirectory="71fe0b17-1e50-4b5f-9591-71276185efdc">
      <Output>
        <StdOut>Connection refused (localhost:55417)
\u001b[40m\u001b[32minfo\u001b[39m\u001b[22m\u001b[49m: PageObjectModel.Source.Pages.LoginPage[0]
      Sending keys for Username:agileway
\u001b[40m\u001b[37mdbug\u001b[39m\u001b[22m\u001b[49m: PageObjectModel.Source.Pages.LoginPage[0]
      Sending keys for Password:testwise
\u001b[40m\u001b[32minfo\u001b[39m\u001b[22m\u001b[49m: PageObjectModel.Source.Pages.LoginPage[0]
      Clicking Sign In Button</StdOut>
      </Output>
    </UnitTestResult>
    <UnitTestResult executionId="f6c039f7-fc93-41fb-bcc3-cc4089ff2c11" testId="27a2cb62-4a9f-6aef-a740-ad88668b6158" testName="TestLogin_RegisterPage" computerName="Adems-MacBook-Air" duration="00:00:02.7921572" startTime="2024-01-23T15:42:14.6102770-08:00" endTime="2024-01-23T15:42:17.4029110-08:00" testType="13cdc9d9-ddb5-4fa4-a97d-d965ccfc6d4b" outcome="Passed" testListId="8c84fa94-04c1-424b-9868-57a2d4851a1d" relativeResultsDirectory="f6c039f7-fc93-41fb-bcc3-cc4089ff2c11">
      <Output>
        <StdOut>Connection refused (localhost:55461)
Connection refused (localhost:55461)
Connection refused (localhost:55461)
Connection refused (localhost:55461)
Connection refused (localhost:55461)
Connection refused (localhost:55461)
Connection refused (localhost:55461)</StdOut>
      </Output>
    </UnitTestResult>
    <UnitTestResult executionId="ff7a9b31-7e0b-44ea-86a1-cc44bf68fce0" testId="617b41f8-57fc-af88-1022-c6d4d11c574b" testName="TestLogin_InvalidPassword" computerName="Adems-MacBook-Air" duration="00:00:03.0396412" startTime="2024-01-23T15:42:11.5695910-08:00" endTime="2024-01-23T15:42:14.6094660-08:00" testType="13cdc9d9-ddb5-4fa4-a97d-d965ccfc6d4b" outcome="Passed" testListId="8c84fa94-04c1-424b-9868-57a2d4851a1d" relativeResultsDirectory="ff7a9b31-7e0b-44ea-86a1-cc44bf68fce0">
      <Output>
        <StdOut>Connection refused (localhost:55434)
Connection refused (localhost:55434)
Connection refused (localhost:55434)
Connection refused (localhost:55434)
Connection refused (localhost:55434)
Connection refused (localhost:55434)
\u001b[40m\u001b[32minfo\u001b[39m\u001b[22m\u001b[49m: PageObjectModel.Source.Pages.LoginPage[0]
      Sending keys for Username:agileway
\u001b[40m\u001b[37mdbug\u001b[39m\u001b[22m\u001b[49m: PageObjectModel.Source.Pages.LoginPage[0]
      Sending keys for Password:incorrect
\u001b[40m\u001b[32minfo\u001b[39m\u001b[22m\u001b[49m: PageObjectModel.Source.Pages.LoginPage[0]
      Clicking Sign In Button</StdOut>
      </Output>
    </UnitTestResult>
  </Results>
  <TestDefinitions>
    <UnitTest name="TestLoginOK" storage="/users/ademcooper/git/seleniumwithc/bin/debug/net7.0/seleniumwithc.dll" id="1b48b0be-93c9-d0af-fa24-900132c3350e">
      <Execution id="71fe0b17-1e50-4b5f-9591-71276185efdc" />
      <TestMethod codeBase="/Users/ademcooper/Git/SeleniumWithC/bin/Debug/net7.0/SeleniumWithC.dll" adapterTypeName="executor://mstestadapter/v2" className="SeleniumWithC.LoginTest" name="TestLoginOK" />
    </UnitTest>
    <UnitTest name="TestLogin_RegisterPage" storage="/users/ademcooper/git/seleniumwithc/bin/debug/net7.0/seleniumwithc.dll" id="27a2cb62-4a9f-6aef-a740-ad88668b6158">
      <Execution id="f6c039f7-fc93-41fb-bcc3-cc4089ff2c11" />
      <TestMethod codeBase="/Users/ademcooper/Git/SeleniumWithC/bin/Debug/net7.0/SeleniumWithC.dll" adapterTypeName="executor://mstestadapter/v2" className="SeleniumWithC.LoginTest" name="TestLogin_RegisterPage" />
    </UnitTest>
    <UnitTest name="TestLogin_InvalidPassword" storage="/users/ademcooper/git/seleniumwithc/bin/debug/net7.0/seleniumwithc.dll" id="617b41f8-57fc-af88-1022-c6d4d11c574b">
      <Execution id="ff7a9b31-7e0b-44ea-86a1-cc44bf68fce0" />
      <TestMethod codeBase="/Users/ademcooper/Git/SeleniumWithC/bin/Debug/net7.0/SeleniumWithC.dll" adapterTypeName="executor://mstestadapter/v2" className="SeleniumWithC.LoginTest" name="TestLogin_InvalidPassword" />
    </UnitTest>
  </TestDefinitions>
  <TestEntries>
    <TestEntry testId="1b48b0be-93c9-d0af-fa24-900132c3350e" executionId="71fe0b17-1e50-4b5f-9591-71276185efdc" testListId="8c84fa94-04c1-424b-9868-57a2d4851a1d" />
    <TestEntry testId="27a2cb62-4a9f-6aef-a740-ad88668b6158" executionId="f6c039f7-fc93-41fb-bcc3-cc4089ff2c11" testListId="8c84fa94-04c1-424b-9868-57a2d4851a1d" />
    <TestEntry testId="617b41f8-57fc-af88-1022-c6d4d11c574b" executionId="ff7a9b31-7e0b-44ea-86a1-cc44bf68fce0" testListId="8c84fa94-04c1-424b-9868-57a2d4851a1d" />
  </TestEntries>
  <TestLists>
    <TestList name="Results Not in a List" id="8c84fa94-04c1-424b-9868-57a2d4851a1d" />
    <TestList name="All Loaded Results" id="19431567-8539-422a-85d7-44ee4e166bda" />
  </TestLists>
  <ResultSummary outcome="Completed">
    <Counters total="3" executed="3" passed="3" failed="0" error="0" timeout="0" aborted="0" inconclusive="0" passedButRunAborted="0" notRunnable="0" notExecuted="0" disconnected="0" warning="0" completed="0" inProgress="0" pending="0" />
  </ResultSummary>
</TestRun>